<?xml version="1.0" encoding="UTF-8"?>
<testsuite xmlns:xsi="http://www.w3.org/2001/XMLSchema-instance" xsi:noNamespaceSchemaLocation="https://maven.apache.org/surefire/maven-surefire-plugin/xsd/surefire-test-report.xsd" version="3.0.2" name="com.coverageproject.enhancement.EnhancementTest" time="0.004" tests="4" errors="0" skipped="0" failures="0">
  <properties>
[...]
</properties>
  <testcase name="greedyReturnsEmptyWhenAlreadyCovered" classname="com.coverageproject.enhancement.EnhancementTest" time="0.001"/>
  <testcase name="greedyRespectsValidationOracle" classname="com.coverageproject.enhancement.EnhancementTest" time="0.001"/>
  <testcase name="naiveAddsOneRowPerDeficit" classname="com.coverageproject.enhancement.EnhancementTest" time="0.001"/>
  <testcase name="greedyHitsEveryLevelTwoPatternToTauOne" classname="com.coverageproject.enhancement.EnhancementTest" time="0.001"/>
</testsuite>